<?xml version="1.0" encoding="UTF-8"?>
<!-- Generated by org.testng.reporters.JUnitReportReporter -->
<testsuite skipped="0" hostname="DESKTOP-M4NOB00" name="focuz.provident.testcases.TC_0001_Login" tests="1" failures="0" timestamp="02 Sep 2019 13:12:35 GMT" time="38.494" errors="0">
  <testcase name="TC_0001" time="38.494" classname="focuz.provident.testcases.TC_0001_Login"/>
</testsuite> <!-- focuz.provident.testcases.TC_0001_Login -->
